INFO: [VRFC 10-163] Analyzing VHDL file "/home/m1/texierl/Documents/AEO/TP3/TP3.srcs/sources_1/imports/new/add4.vhd" into library xil_defaultlib
INFO: [VRFC 10-307] analyzing entity add4
INFO: [VRFC 10-163] Analyzing VHDL file "/home/m1/texierl/Documents/AEO/TP3/TP3.srcs/sources_1/new/x7seg.vhd" into library xil_defaultlib
INFO: [VRFC 10-307] analyzing entity x7seg
INFO: [VRFC 10-163] Analyzing VHDL file "/home/m1/texierl/Documents/AEO/TP3/TP3.srcs/sources_1/new/calc.vhd" into library xil_defaultlib
INFO: [VRFC 10-307] analyzing entity calc
INFO: [VRFC 10-163] Analyzing VHDL file "/home/m1/texierl/Documents/AEO/TP3/TP3.srcs/sources_1/new/comp.vhd" into library xil_defaultlib
INFO: [VRFC 10-307] analyzing entity comp
INFO: [VRFC 10-163] Analyzing VHDL file "/home/m1/texierl/Documents/AEO/TP3/TP3.srcs/sources_1/new/count1.vhd" into library xil_defaultlib
INFO: [VRFC 10-307] analyzing entity count1
ERROR: [VRFC 10-1412] syntax error near ) [/home/m1/texierl/Documents/AEO/TP3/TP3.srcs/sources_1/new/count1.vhd:43]
ERROR: [VRFC 10-1504] unit behavioral ignored due to previous errors [/home/m1/texierl/Documents/AEO/TP3/TP3.srcs/sources_1/new/count1.vhd:39]
INFO: [VRFC 10-240] VHDL file /home/m1/texierl/Documents/AEO/TP3/TP3.srcs/sources_1/new/count1.vhd ignored due to errors
INFO: [VRFC 10-163] Analyzing VHDL file "/home/m1/texierl/Documents/AEO/TP3/TP3.srcs/sources_1/imports/new/add4.vhd" into library xil_defaultlib
INFO: [VRFC 10-307] analyzing entity add4
INFO: [VRFC 10-163] Analyzing VHDL file "/home/m1/texierl/Documents/AEO/TP3/TP3.srcs/sources_1/new/x7seg.vhd" into library xil_defaultlib
INFO: [VRFC 10-307] analyzing entity x7seg
INFO: [VRFC 10-163] Analyzing VHDL file "/home/m1/texierl/Documents/AEO/TP3/TP3.srcs/sources_1/new/calc.vhd" into library xil_defaultlib
INFO: [VRFC 10-307] analyzing entity calc
INFO: [VRFC 10-163] Analyzing VHDL file "/home/m1/texierl/Documents/AEO/TP3/TP3.srcs/sources_1/new/comp.vhd" into library xil_defaultlib
INFO: [VRFC 10-307] analyzing entity comp
INFO: [VRFC 10-163] Analyzing VHDL file "/home/m1/texierl/Documents/AEO/TP3/TP3.srcs/sources_1/new/count1.vhd" into library xil_defaultlib
INFO: [VRFC 10-307] analyzing entity count1
ERROR: [VRFC 10-1412] syntax error near ) [/home/m1/texierl/Documents/AEO/TP3/TP3.srcs/sources_1/new/count1.vhd:43]
ERROR: [VRFC 10-1504] unit behavioral ignored due to previous errors [/home/m1/texierl/Documents/AEO/TP3/TP3.srcs/sources_1/new/count1.vhd:39]
INFO: [VRFC 10-240] VHDL file /home/m1/texierl/Documents/AEO/TP3/TP3.srcs/sources_1/new/count1.vhd ignored due to errors
INFO: [VRFC 10-163] Analyzing VHDL file "/home/m1/texierl/Documents/AEO/TP3/TP3.srcs/sources_1/imports/new/add4.vhd" into library xil_defaultlib
INFO: [VRFC 10-307] analyzing entity add4
INFO: [VRFC 10-163] Analyzing VHDL file "/home/m1/texierl/Documents/AEO/TP3/TP3.srcs/sources_1/new/x7seg.vhd" into library xil_defaultlib
INFO: [VRFC 10-307] analyzing entity x7seg
INFO: [VRFC 10-163] Analyzing VHDL file "/home/m1/texierl/Documents/AEO/TP3/TP3.srcs/sources_1/new/calc.vhd" into library xil_defaultlib
INFO: [VRFC 10-307] analyzing entity calc
INFO: [VRFC 10-163] Analyzing VHDL file "/home/m1/texierl/Documents/AEO/TP3/TP3.srcs/sources_1/new/comp.vhd" into library xil_defaultlib
INFO: [VRFC 10-307] analyzing entity comp
INFO: [VRFC 10-163] Analyzing VHDL file "/home/m1/texierl/Documents/AEO/TP3/TP3.srcs/sources_1/new/count1.vhd" into library xil_defaultlib
INFO: [VRFC 10-307] analyzing entity count1
ERROR: [VRFC 10-1412] syntax error near ) [/home/m1/texierl/Documents/AEO/TP3/TP3.srcs/sources_1/new/count1.vhd:43]
ERROR: [VRFC 10-1504] unit behavioral ignored due to previous errors [/home/m1/texierl/Documents/AEO/TP3/TP3.srcs/sources_1/new/count1.vhd:39]
INFO: [VRFC 10-240] VHDL file /home/m1/texierl/Documents/AEO/TP3/TP3.srcs/sources_1/new/count1.vhd ignored due to errors
INFO: [VRFC 10-163] Analyzing VHDL file "/home/m1/texierl/Documents/AEO/TP3/TP3.srcs/sources_1/imports/new/add4.vhd" into library xil_defaultlib
INFO: [VRFC 10-307] analyzing entity add4
INFO: [VRFC 10-163] Analyzing VHDL file "/home/m1/texierl/Documents/AEO/TP3/TP3.srcs/sources_1/new/x7seg.vhd" into library xil_defaultlib
INFO: [VRFC 10-307] analyzing entity x7seg
INFO: [VRFC 10-163] Analyzing VHDL file "/home/m1/texierl/Documents/AEO/TP3/TP3.srcs/sources_1/new/calc.vhd" into library xil_defaultlib
INFO: [VRFC 10-307] analyzing entity calc
INFO: [VRFC 10-163] Analyzing VHDL file "/home/m1/texierl/Documents/AEO/TP3/TP3.srcs/sources_1/new/comp.vhd" into library xil_defaultlib
INFO: [VRFC 10-307] analyzing entity comp
INFO: [VRFC 10-163] Analyzing VHDL file "/home/m1/texierl/Documents/AEO/TP3/TP3.srcs/sources_1/new/count1.vhd" into library xil_defaultlib
INFO: [VRFC 10-307] analyzing entity count1
ERROR: [VRFC 10-1412] syntax error near ) [/home/m1/texierl/Documents/AEO/TP3/TP3.srcs/sources_1/new/count1.vhd:43]
ERROR: [VRFC 10-1504] unit behavioral ignored due to previous errors [/home/m1/texierl/Documents/AEO/TP3/TP3.srcs/sources_1/new/count1.vhd:39]
INFO: [VRFC 10-240] VHDL file /home/m1/texierl/Documents/AEO/TP3/TP3.srcs/sources_1/new/count1.vhd ignored due to errors
INFO: [VRFC 10-163] Analyzing VHDL file "/home/m1/texierl/Documents/AEO/TP3/TP3.srcs/sources_1/imports/new/add4.vhd" into library xil_defaultlib
INFO: [VRFC 10-307] analyzing entity add4
INFO: [VRFC 10-163] Analyzing VHDL file "/home/m1/texierl/Documents/AEO/TP3/TP3.srcs/sources_1/new/x7seg.vhd" into library xil_defaultlib
INFO: [VRFC 10-307] analyzing entity x7seg
INFO: [VRFC 10-163] Analyzing VHDL file "/home/m1/texierl/Documents/AEO/TP3/TP3.srcs/sources_1/new/calc.vhd" into library xil_defaultlib
INFO: [VRFC 10-307] analyzing entity calc
INFO: [VRFC 10-163] Analyzing VHDL file "/home/m1/texierl/Documents/AEO/TP3/TP3.srcs/sources_1/new/comp.vhd" into library xil_defaultlib
INFO: [VRFC 10-307] analyzing entity comp
INFO: [VRFC 10-163] Analyzing VHDL file "/home/m1/texierl/Documents/AEO/TP3/TP3.srcs/sources_1/new/count1.vhd" into library xil_defaultlib
INFO: [VRFC 10-307] analyzing entity count1
INFO: [VRFC 10-163] Analyzing VHDL file "/home/m1/texierl/Documents/AEO/TP3/TP3.srcs/sources_1/new/parity.vhd" into library xil_defaultlib
INFO: [VRFC 10-307] analyzing entity parity
INFO: [VRFC 10-163] Analyzing VHDL file "/home/m1/texierl/Documents/AEO/TP3/TP3.srcs/sources_1/new/parity.vhd" into library xil_defaultlib
INFO: [VRFC 10-307] analyzing entity parity
INFO: [VRFC 10-163] Analyzing VHDL file "/home/m1/texierl/Documents/AEO/TP3/TP3.srcs/sources_1/new/count1.vhd" into library xil_defaultlib
INFO: [VRFC 10-307] analyzing entity count1
INFO: [VRFC 10-163] Analyzing VHDL file "/home/m1/texierl/Documents/AEO/TP3/TP3.srcs/sources_1/new/count1.vhd" into library xil_defaultlib
INFO: [VRFC 10-307] analyzing entity count1
INFO: [VRFC 10-163] Analyzing VHDL file "/home/m1/texierl/Documents/AEO/TP3/TP3.srcs/sources_1/new/calc.vhd" into library xil_defaultlib
INFO: [VRFC 10-307] analyzing entity calc
INFO: [VRFC 10-163] Analyzing VHDL file "/home/m1/texierl/Documents/AEO/TP3/TP3.srcs/sources_1/new/x7seg.vhd" into library xil_defaultlib
INFO: [VRFC 10-307] analyzing entity x7seg
INFO: [VRFC 10-163] Analyzing VHDL file "/home/m1/texierl/Documents/AEO/TP3/TP3.srcs/sources_1/new/calc.vhd" into library xil_defaultlib
INFO: [VRFC 10-307] analyzing entity calc
INFO: [VRFC 10-163] Analyzing VHDL file "/home/m1/texierl/Documents/AEO/TP3/TP3.srcs/sources_1/new/calc.vhd" into library xil_defaultlib
INFO: [VRFC 10-307] analyzing entity calc
INFO: [VRFC 10-163] Analyzing VHDL file "/home/m1/texierl/Documents/AEO/TP3/TP3.srcs/sources_1/new/x7seg.vhd" into library xil_defaultlib
INFO: [VRFC 10-307] analyzing entity x7seg
INFO: [VRFC 10-163] Analyzing VHDL file "/home/m1/texierl/Documents/AEO/TP3/TP3.srcs/sources_1/new/calc.vhd" into library xil_defaultlib
INFO: [VRFC 10-307] analyzing entity calc
INFO: [VRFC 10-163] Analyzing VHDL file "/home/m1/texierl/Documents/AEO/TP3/TP3.srcs/sources_1/new/comp.vhd" into library xil_defaultlib
INFO: [VRFC 10-307] analyzing entity comp
INFO: [VRFC 10-163] Analyzing VHDL file "/home/m1/texierl/Documents/AEO/TP3/TP3.srcs/sources_1/new/count1.vhd" into library xil_defaultlib
INFO: [VRFC 10-307] analyzing entity count1
INFO: [VRFC 10-163] Analyzing VHDL file "/home/m1/texierl/Documents/AEO/TP3/TP3.srcs/sources_1/new/parity.vhd" into library xil_defaultlib
INFO: [VRFC 10-307] analyzing entity parity
INFO: [VRFC 10-163] Analyzing VHDL file "/home/m1/texierl/Documents/AEO/TP3/TP3.srcs/sources_1/new/calc.vhd" into library xil_defaultlib
INFO: [VRFC 10-307] analyzing entity calc
