Vivado Simulator 2018.2
Copyright 1986-1999, 2001-2018 Xilinx, Inc. All Rights Reserved.
Running: /local/xilinx-vivado/Vivado/2018.2/bin/unwrapped/lnx64.o/xelab -wto 68644d3087c342af8aed3e5ad784cf10 --incr --debug typical --relax --mt 8 -L xil_defaultlib -L secureip --snapshot calc_behav xil_defaultlib.calc -log elaborate.log 
Using 8 slave threads.
Starting static elaboration
Completed static elaboration
Starting simulation data flow analysis
Completed simulation data flow analysis
Time Resolution for simulation is 1ps
Compiling package std.standard
Compiling package std.textio
Compiling package ieee.std_logic_1164
Compiling package ieee.std_logic_arith
Compiling package ieee.std_logic_unsigned
Compiling architecture behavioral of entity xil_defaultlib.add4 [add4_default]
Compiling architecture behavioral of entity xil_defaultlib.comp [comp_default]
Compiling architecture behavioral of entity xil_defaultlib.parity [parity_default]
Compiling architecture behavioral of entity xil_defaultlib.count1 [count1_default]
Compiling architecture behavioral of entity xil_defaultlib.x7seg [x7seg_default]
Compiling architecture behavioral of entity xil_defaultlib.calc
Built simulation snapshot calc_behav
