INFO: [VRFC 10-163] Analyzing VHDL file "/home/m1/texierl/Documents/AEO/TP_CONTROLE_1/TP_CONTROLE_1.srcs/sources_1/new/fsm.vhd" into library xil_defaultlib
INFO: [VRFC 10-307] analyzing entity alarme
INFO: [VRFC 10-163] Analyzing VHDL file "/home/m1/texierl/Documents/AEO/TP_CONTROLE_1/TP_CONTROLE_1.srcs/sources_1/new/exo1.vhd" into library xil_defaultlib
INFO: [VRFC 10-307] analyzing entity exo_1
INFO: [VRFC 10-163] Analyzing VHDL file "/home/m1/texierl/Documents/AEO/TP_CONTROLE_1/TP_CONTROLE_1.srcs/sources_1/new/alarme_top.vhd" into library xil_defaultlib
INFO: [VRFC 10-307] analyzing entity alarme_top
INFO: [VRFC 10-163] Analyzing VHDL file "/home/m1/texierl/Documents/AEO/TP_CONTROLE_1/TP_CONTROLE_1.srcs/sources_1/imports/new/clk_div.vhd" into library xil_defaultlib
INFO: [VRFC 10-307] analyzing entity clk_div
INFO: [VRFC 10-163] Analyzing VHDL file "/home/m1/texierl/Documents/AEO/TP_CONTROLE_1/TP_CONTROLE_1.srcs/sources_1/new/fsm.vhd" into library xil_defaultlib
INFO: [VRFC 10-307] analyzing entity alarme
INFO: [VRFC 10-163] Analyzing VHDL file "/home/m1/texierl/Documents/AEO/TP_CONTROLE_1/TP_CONTROLE_1.srcs/sources_1/new/fsm.vhd" into library xil_defaultlib
INFO: [VRFC 10-307] analyzing entity alarme
INFO: [VRFC 10-163] Analyzing VHDL file "/home/m1/texierl/Documents/AEO/TP_CONTROLE_1/TP_CONTROLE_1.srcs/sources_1/new/fsm.vhd" into library xil_defaultlib
INFO: [VRFC 10-307] analyzing entity alarme
INFO: [VRFC 10-163] Analyzing VHDL file "/home/m1/texierl/Documents/AEO/TP_CONTROLE_1/TP_CONTROLE_1.srcs/sources_1/new/fsm.vhd" into library xil_defaultlib
INFO: [VRFC 10-307] analyzing entity alarme
INFO: [VRFC 10-163] Analyzing VHDL file "/home/m1/texierl/Documents/AEO/TP_CONTROLE_1/TP_CONTROLE_1.srcs/sources_1/new/fsm.vhd" into library xil_defaultlib
INFO: [VRFC 10-307] analyzing entity alarme
INFO: [VRFC 10-163] Analyzing VHDL file "/home/m1/texierl/Documents/AEO/TP_CONTROLE_1/TP_CONTROLE_1.srcs/sources_1/new/fsm.vhd" into library xil_defaultlib
INFO: [VRFC 10-307] analyzing entity alarme
INFO: [VRFC 10-163] Analyzing VHDL file "/home/m1/texierl/Documents/AEO/TP_CONTROLE_1/TP_CONTROLE_1.srcs/sources_1/new/fsm.vhd" into library xil_defaultlib
INFO: [VRFC 10-307] analyzing entity alarme
INFO: [VRFC 10-163] Analyzing VHDL file "/home/m1/texierl/Documents/AEO/TP_CONTROLE_1/TP_CONTROLE_1.srcs/sources_1/new/fsm.vhd" into library xil_defaultlib
INFO: [VRFC 10-307] analyzing entity alarme
INFO: [VRFC 10-163] Analyzing VHDL file "/home/m1/texierl/Documents/AEO/TP_CONTROLE_1/TP_CONTROLE_1.srcs/sources_1/new/fsm.vhd" into library xil_defaultlib
INFO: [VRFC 10-307] analyzing entity alarme
INFO: [VRFC 10-163] Analyzing VHDL file "/home/m1/texierl/Documents/AEO/TP_CONTROLE_1/TP_CONTROLE_1.srcs/sources_1/new/fsm.vhd" into library xil_defaultlib
INFO: [VRFC 10-307] analyzing entity alarme
INFO: [VRFC 10-163] Analyzing VHDL file "/home/m1/texierl/Documents/AEO/TP_CONTROLE_1/TP_CONTROLE_1.srcs/sources_1/new/fsm.vhd" into library xil_defaultlib
INFO: [VRFC 10-307] analyzing entity alarme
INFO: [VRFC 10-163] Analyzing VHDL file "/home/m1/texierl/Documents/AEO/TP_CONTROLE_1/TP_CONTROLE_1.srcs/sources_1/new/fsm.vhd" into library xil_defaultlib
INFO: [VRFC 10-307] analyzing entity alarme
INFO: [VRFC 10-163] Analyzing VHDL file "/home/m1/texierl/Documents/AEO/TP_CONTROLE_1/TP_CONTROLE_1.srcs/sources_1/new/fsm.vhd" into library xil_defaultlib
INFO: [VRFC 10-307] analyzing entity alarme
INFO: [VRFC 10-163] Analyzing VHDL file "/home/m1/texierl/Documents/AEO/TP_CONTROLE_1/TP_CONTROLE_1.srcs/sources_1/new/fsm.vhd" into library xil_defaultlib
INFO: [VRFC 10-307] analyzing entity alarme
INFO: [VRFC 10-163] Analyzing VHDL file "/home/m1/texierl/Documents/AEO/TP_CONTROLE_1/TP_CONTROLE_1.srcs/sources_1/new/fsm.vhd" into library xil_defaultlib
INFO: [VRFC 10-307] analyzing entity alarme
INFO: [VRFC 10-163] Analyzing VHDL file "/home/m1/texierl/Documents/AEO/TP_CONTROLE_1/TP_CONTROLE_1.srcs/sources_1/new/fsm.vhd" into library xil_defaultlib
INFO: [VRFC 10-307] analyzing entity alarme
INFO: [VRFC 10-163] Analyzing VHDL file "/home/m1/texierl/Documents/AEO/TP_CONTROLE_1/TP_CONTROLE_1.srcs/sources_1/new/fsm.vhd" into library xil_defaultlib
INFO: [VRFC 10-307] analyzing entity alarme
INFO: [VRFC 10-163] Analyzing VHDL file "/home/m1/texierl/Documents/AEO/TP_CONTROLE_1/TP_CONTROLE_1.srcs/sources_1/new/fsm.vhd" into library xil_defaultlib
INFO: [VRFC 10-307] analyzing entity alarme
INFO: [VRFC 10-163] Analyzing VHDL file "/home/m1/texierl/Documents/AEO/TP_CONTROLE_1/TP_CONTROLE_1.srcs/sources_1/new/fsm.vhd" into library xil_defaultlib
INFO: [VRFC 10-307] analyzing entity alarme
INFO: [VRFC 10-163] Analyzing VHDL file "/home/m1/texierl/Documents/AEO/TP_CONTROLE_1/TP_CONTROLE_1.srcs/sources_1/new/fsm.vhd" into library xil_defaultlib
INFO: [VRFC 10-307] analyzing entity alarme
INFO: [VRFC 10-163] Analyzing VHDL file "/home/m1/texierl/Documents/AEO/TP_CONTROLE_1/TP_CONTROLE_1.srcs/sources_1/new/fsm.vhd" into library xil_defaultlib
INFO: [VRFC 10-307] analyzing entity alarme
INFO: [VRFC 10-163] Analyzing VHDL file "/home/m1/texierl/Documents/AEO/TP_CONTROLE_1/TP_CONTROLE_1.srcs/sources_1/new/fsm.vhd" into library xil_defaultlib
INFO: [VRFC 10-307] analyzing entity alarme
INFO: [VRFC 10-163] Analyzing VHDL file "/home/m1/texierl/Documents/AEO/TP_CONTROLE_1/TP_CONTROLE_1.srcs/sources_1/new/fsm.vhd" into library xil_defaultlib
INFO: [VRFC 10-307] analyzing entity alarme
ERROR: [VRFC 10-146] delai with mode 'out' cannot be read [/home/m1/texierl/Documents/AEO/TP_CONTROLE_1/TP_CONTROLE_1.srcs/sources_1/new/fsm.vhd:55]
ERROR: [VRFC 10-146] delai with mode 'out' cannot be read [/home/m1/texierl/Documents/AEO/TP_CONTROLE_1/TP_CONTROLE_1.srcs/sources_1/new/fsm.vhd:71]
ERROR: [VRFC 10-1504] unit behavioral ignored due to previous errors [/home/m1/texierl/Documents/AEO/TP_CONTROLE_1/TP_CONTROLE_1.srcs/sources_1/new/fsm.vhd:46]
INFO: [VRFC 10-240] VHDL file /home/m1/texierl/Documents/AEO/TP_CONTROLE_1/TP_CONTROLE_1.srcs/sources_1/new/fsm.vhd ignored due to errors
INFO: [VRFC 10-163] Analyzing VHDL file "/home/m1/texierl/Documents/AEO/TP_CONTROLE_1/TP_CONTROLE_1.srcs/sources_1/new/fsm.vhd" into library xil_defaultlib
INFO: [VRFC 10-307] analyzing entity alarme
