
*** Running vivado
    with args -log calc.vds -m64 -product Vivado -mode batch -messageDb vivado.pb -notrace -source calc.tcl


****** Vivado v2018.2.1 (64-bit)
  **** SW Build 2288692 on Thu Jul 26 18:23:50 MDT 2018
  **** IP Build 2289599 on Thu Jul 26 21:09:20 MDT 2018
    ** Copyright 1986-2018 Xilinx, Inc. All Rights Reserved.

source calc.tcl -notrace
Command: synth_design -top calc -part xc7a35tcpg236-1
Starting synth_design
Attempting to get a license for feature 'Synthesis' and/or device 'xc7a35t'
INFO: [Common 17-349] Got license for feature 'Synthesis' and/or device 'xc7a35t'
INFO: Launching helper process for spawning children vivado processes
INFO: Helper process launched with PID 13130 
Terminated helper unrecognised option '-nojournal'
---------------------------------------------------------------------------------
Starting RTL Elaboration : Time (s): cpu = 00:00:02 ; elapsed = 00:00:02 . Memory (MB): peak = 1279.426 ; gain = 86.766 ; free physical = 3673 ; free virtual = 13661
---------------------------------------------------------------------------------
INFO: [Synth 8-638] synthesizing module 'calc' [/home/m1/texierl/Documents/AEO/TP3/TP3.srcs/sources_1/new/calc.vhd:46]
INFO: [Synth 8-3491] module 'add4' declared at '/home/m1/texierl/Documents/AEO/TP3/TP3.srcs/sources_1/imports/new/add4.vhd:35' bound to instance 'cmp_add' of component 'add4' [/home/m1/texierl/Documents/AEO/TP3/TP3.srcs/sources_1/new/calc.vhd:86]
INFO: [Synth 8-638] synthesizing module 'add4' [/home/m1/texierl/Documents/AEO/TP3/TP3.srcs/sources_1/imports/new/add4.vhd:41]
INFO: [Synth 8-256] done synthesizing module 'add4' (1#1) [/home/m1/texierl/Documents/AEO/TP3/TP3.srcs/sources_1/imports/new/add4.vhd:41]
INFO: [Synth 8-3491] module 'comp' declared at '/home/m1/texierl/Documents/AEO/TP3/TP3.srcs/sources_1/new/comp.vhd:34' bound to instance 'cmp_comp' of component 'comp' [/home/m1/texierl/Documents/AEO/TP3/TP3.srcs/sources_1/new/calc.vhd:90]
INFO: [Synth 8-638] synthesizing module 'comp' [/home/m1/texierl/Documents/AEO/TP3/TP3.srcs/sources_1/new/comp.vhd:40]
INFO: [Synth 8-256] done synthesizing module 'comp' (2#1) [/home/m1/texierl/Documents/AEO/TP3/TP3.srcs/sources_1/new/comp.vhd:40]
INFO: [Synth 8-3491] module 'parity' declared at '/home/m1/texierl/Documents/AEO/TP3/TP3.srcs/sources_1/new/parity.vhd:34' bound to instance 'cmp_parity' of component 'parity' [/home/m1/texierl/Documents/AEO/TP3/TP3.srcs/sources_1/new/calc.vhd:91]
INFO: [Synth 8-638] synthesizing module 'parity' [/home/m1/texierl/Documents/AEO/TP3/TP3.srcs/sources_1/new/parity.vhd:39]
INFO: [Synth 8-256] done synthesizing module 'parity' (3#1) [/home/m1/texierl/Documents/AEO/TP3/TP3.srcs/sources_1/new/parity.vhd:39]
INFO: [Synth 8-3491] module 'count1' declared at '/home/m1/texierl/Documents/AEO/TP3/TP3.srcs/sources_1/new/count1.vhd:35' bound to instance 'cmp_count1' of component 'count1' [/home/m1/texierl/Documents/AEO/TP3/TP3.srcs/sources_1/new/calc.vhd:92]
INFO: [Synth 8-638] synthesizing module 'count1' [/home/m1/texierl/Documents/AEO/TP3/TP3.srcs/sources_1/new/count1.vhd:40]
INFO: [Synth 8-256] done synthesizing module 'count1' (4#1) [/home/m1/texierl/Documents/AEO/TP3/TP3.srcs/sources_1/new/count1.vhd:40]
INFO: [Synth 8-3491] module 'x7seg' declared at '/home/m1/texierl/Documents/AEO/TP3/TP3.srcs/sources_1/new/x7seg.vhd:34' bound to instance 'cmp_x7seg' of component 'x7seg' [/home/m1/texierl/Documents/AEO/TP3/TP3.srcs/sources_1/new/calc.vhd:144]
INFO: [Synth 8-638] synthesizing module 'x7seg' [/home/m1/texierl/Documents/AEO/TP3/TP3.srcs/sources_1/new/x7seg.vhd:40]
INFO: [Synth 8-226] default block is never used [/home/m1/texierl/Documents/AEO/TP3/TP3.srcs/sources_1/new/x7seg.vhd:48]
INFO: [Synth 8-256] done synthesizing module 'x7seg' (5#1) [/home/m1/texierl/Documents/AEO/TP3/TP3.srcs/sources_1/new/x7seg.vhd:40]
INFO: [Synth 8-256] done synthesizing module 'calc' (6#1) [/home/m1/texierl/Documents/AEO/TP3/TP3.srcs/sources_1/new/calc.vhd:46]
WARNING: [Synth 8-3917] design calc has port led[15] driven by constant 0
WARNING: [Synth 8-3917] design calc has port led[14] driven by constant 0
WARNING: [Synth 8-3917] design calc has port led[13] driven by constant 0
WARNING: [Synth 8-3917] design calc has port led[12] driven by constant 0
WARNING: [Synth 8-3917] design calc has port led[11] driven by constant 0
WARNING: [Synth 8-3917] design calc has port led[10] driven by constant 0
WARNING: [Synth 8-3917] design calc has port led[9] driven by constant 0
WARNING: [Synth 8-3917] design calc has port led[8] driven by constant 0
WARNING: [Synth 8-3917] design calc has port led[7] driven by constant 0
WARNING: [Synth 8-3917] design calc has port led[6] driven by constant 0
WARNING: [Synth 8-3917] design calc has port led[5] driven by constant 0
WARNING: [Synth 8-3917] design calc has port an[3] driven by constant 1
WARNING: [Synth 8-3917] design calc has port an[2] driven by constant 1
WARNING: [Synth 8-3917] design calc has port an[1] driven by constant 1
WARNING: [Synth 8-3917] design calc has port an[0] driven by constant 0
---------------------------------------------------------------------------------
Finished RTL Elaboration : Time (s): cpu = 00:00:03 ; elapsed = 00:00:03 . Memory (MB): peak = 1324.051 ; gain = 131.391 ; free physical = 3683 ; free virtual = 13673
---------------------------------------------------------------------------------

Report Check Netlist: 
+------+------------------+-------+---------+-------+------------------+
|      |Item              |Errors |Warnings |Status |Description       |
+------+------------------+-------+---------+-------+------------------+
|1     |multi_driven_nets |      0|        0|Passed |Multi driven nets |
+------+------------------+-------+---------+-------+------------------+
---------------------------------------------------------------------------------
Start Handling Custom Attributes
---------------------------------------------------------------------------------
---------------------------------------------------------------------------------
Finished Handling Custom Attributes : Time (s): cpu = 00:00:03 ; elapsed = 00:00:04 . Memory (MB): peak = 1324.051 ; gain = 131.391 ; free physical = 3683 ; free virtual = 13673
---------------------------------------------------------------------------------
---------------------------------------------------------------------------------
Finished RTL Optimization Phase 1 : Time (s): cpu = 00:00:03 ; elapsed = 00:00:04 . Memory (MB): peak = 1324.051 ; gain = 131.391 ; free physical = 3683 ; free virtual = 13673
---------------------------------------------------------------------------------
INFO: [Device 21-403] Loading part xc7a35tcpg236-1
INFO: [Project 1-570] Preparing netlist for logic optimization

Processing XDC Constraints
Initializing timing engine
Parsing XDC File [/home/m1/texierl/Documents/AEO/TP3/TP3.srcs/constrs_1/imports/TP1/Basys3_Master.xdc]
Finished Parsing XDC File [/home/m1/texierl/Documents/AEO/TP3/TP3.srcs/constrs_1/imports/TP1/Basys3_Master.xdc]
INFO: [Project 1-236] Implementation specific constraints were found while reading constraint file [/home/m1/texierl/Documents/AEO/TP3/TP3.srcs/constrs_1/imports/TP1/Basys3_Master.xdc]. These constraints will be ignored for synthesis but will be used in implementation. Impacted constraints are listed in the file [.Xil/calc_propImpl.xdc].
Resolution: To avoid this warning, move constraints listed in [.Xil/calc_propImpl.xdc] to another XDC file and exclude this new file from synthesis with the used_in_synthesis property (File Properties dialog in GUI) and re-run elaboration/synthesis.
Completed Processing XDC Constraints

INFO: [Project 1-111] Unisim Transformation Summary:
No Unisim elements were transformed.

Constraint Validation Runtime : Time (s): cpu = 00:00:00 ; elapsed = 00:00:00.01 . Memory (MB): peak = 1624.387 ; gain = 0.000 ; free physical = 3400 ; free virtual = 13425
---------------------------------------------------------------------------------
Finished Constraint Validation : Time (s): cpu = 00:00:11 ; elapsed = 00:00:23 . Memory (MB): peak = 1624.387 ; gain = 431.727 ; free physical = 3461 ; free virtual = 13486
---------------------------------------------------------------------------------
---------------------------------------------------------------------------------
Start Loading Part and Timing Information
---------------------------------------------------------------------------------
Loading part: xc7a35tcpg236-1
---------------------------------------------------------------------------------
Finished Loading Part and Timing Information : Time (s): cpu = 00:00:11 ; elapsed = 00:00:23 . Memory (MB): peak = 1624.387 ; gain = 431.727 ; free physical = 3461 ; free virtual = 13486
---------------------------------------------------------------------------------
---------------------------------------------------------------------------------
Start Applying 'set_property' XDC Constraints
---------------------------------------------------------------------------------
---------------------------------------------------------------------------------
Finished applying 'set_property' XDC Constraints : Time (s): cpu = 00:00:11 ; elapsed = 00:00:23 . Memory (MB): peak = 1624.387 ; gain = 431.727 ; free physical = 3462 ; free virtual = 13488
---------------------------------------------------------------------------------
INFO: [Synth 8-5544] ROM "sevenseg" won't be mapped to Block RAM because address size (4) smaller than threshold (5)
INFO: [Synth 8-5544] ROM "sevenseg" won't be mapped to Block RAM because address size (4) smaller than threshold (5)
---------------------------------------------------------------------------------
Finished RTL Optimization Phase 2 : Time (s): cpu = 00:00:11 ; elapsed = 00:00:23 . Memory (MB): peak = 1624.387 ; gain = 431.727 ; free physical = 3453 ; free virtual = 13479
---------------------------------------------------------------------------------

Report RTL Partitions: 
+-+--------------+------------+----------+
| |RTL Partition |Replication |Instances |
+-+--------------+------------+----------+
+-+--------------+------------+----------+
---------------------------------------------------------------------------------
Start RTL Component Statistics 
---------------------------------------------------------------------------------
Detailed RTL Component Info : 
+---Adders : 
	  15 Input     32 Bit       Adders := 1     
	   2 Input      5 Bit       Adders := 1     
	   2 Input      3 Bit       Adders := 1     
+---XORs : 
	   2 Input      5 Bit         XORs := 1     
	  16 Input      1 Bit         XORs := 1     
+---Muxes : 
	   2 Input      7 Bit        Muxes := 1     
	  19 Input      7 Bit        Muxes := 1     
	   2 Input      4 Bit        Muxes := 2     
	   2 Input      2 Bit        Muxes := 1     
---------------------------------------------------------------------------------
Finished RTL Component Statistics 
---------------------------------------------------------------------------------
---------------------------------------------------------------------------------
Start RTL Hierarchical Component Statistics 
---------------------------------------------------------------------------------
Hierarchical RTL Component report 
Module calc 
Detailed RTL Component Info : 
+---XORs : 
	   2 Input      5 Bit         XORs := 1     
Module add4 
Detailed RTL Component Info : 
+---Adders : 
	   2 Input      5 Bit       Adders := 1     
Module parity 
Detailed RTL Component Info : 
+---XORs : 
	  16 Input      1 Bit         XORs := 1     
Module count1 
Detailed RTL Component Info : 
+---Adders : 
	  15 Input     32 Bit       Adders := 1     
	   2 Input      3 Bit       Adders := 1     
+---Muxes : 
	   2 Input      4 Bit        Muxes := 1     
	   2 Input      2 Bit        Muxes := 1     
Module x7seg 
Detailed RTL Component Info : 
+---Muxes : 
	   2 Input      7 Bit        Muxes := 1     
	  19 Input      7 Bit        Muxes := 1     
	   2 Input      4 Bit        Muxes := 1     
---------------------------------------------------------------------------------
Finished RTL Hierarchical Component Statistics
---------------------------------------------------------------------------------
---------------------------------------------------------------------------------
Start Part Resource Summary
---------------------------------------------------------------------------------
Part Resources:
DSPs: 90 (col length:60)
BRAMs: 100 (col length: RAMB18 60 RAMB36 30)
---------------------------------------------------------------------------------
Finished Part Resource Summary
---------------------------------------------------------------------------------
---------------------------------------------------------------------------------
Start Cross Boundary and Area Optimization
---------------------------------------------------------------------------------
Warning: Parallel synthesis criteria is not met 
WARNING: [Synth 8-3917] design calc has port led[15] driven by constant 0
WARNING: [Synth 8-3917] design calc has port led[14] driven by constant 0
WARNING: [Synth 8-3917] design calc has port led[13] driven by constant 0
WARNING: [Synth 8-3917] design calc has port led[12] driven by constant 0
WARNING: [Synth 8-3917] design calc has port led[11] driven by constant 0
WARNING: [Synth 8-3917] design calc has port led[10] driven by constant 0
WARNING: [Synth 8-3917] design calc has port led[9] driven by constant 0
WARNING: [Synth 8-3917] design calc has port led[8] driven by constant 0
WARNING: [Synth 8-3917] design calc has port led[7] driven by constant 0
WARNING: [Synth 8-3917] design calc has port led[6] driven by constant 0
WARNING: [Synth 8-3917] design calc has port led[5] driven by constant 0
WARNING: [Synth 8-3917] design calc has port an[3] driven by constant 1
WARNING: [Synth 8-3917] design calc has port an[2] driven by constant 1
WARNING: [Synth 8-3917] design calc has port an[1] driven by constant 1
WARNING: [Synth 8-3917] design calc has port an[0] driven by constant 0
---------------------------------------------------------------------------------
Finished Cross Boundary and Area Optimization : Time (s): cpu = 00:00:12 ; elapsed = 00:00:24 . Memory (MB): peak = 1624.387 ; gain = 431.727 ; free physical = 3443 ; free virtual = 13472
---------------------------------------------------------------------------------
---------------------------------------------------------------------------------
Start ROM, RAM, DSP and Shift Register Reporting
---------------------------------------------------------------------------------

ROM:
+------------+------------+---------------+----------------+
|Module Name | RTL Object | Depth x Width | Implemented As | 
+------------+------------+---------------+----------------+
|calc        | aff        | 32x2          | LUT            | 
|calc        | aff        | 32x2          | LUT            | 
+------------+------------+---------------+----------------+

---------------------------------------------------------------------------------
Finished ROM, RAM, DSP and Shift Register Reporting
---------------------------------------------------------------------------------

Report RTL Partitions: 
+-+--------------+------------+----------+
| |RTL Partition |Replication |Instances |
+-+--------------+------------+----------+
+-+--------------+------------+----------+
---------------------------------------------------------------------------------
Start Applying XDC Timing Constraints
---------------------------------------------------------------------------------
---------------------------------------------------------------------------------
Finished Applying XDC Timing Constraints : Time (s): cpu = 00:00:17 ; elapsed = 00:00:31 . Memory (MB): peak = 1624.387 ; gain = 431.727 ; free physical = 3310 ; free virtual = 13348
---------------------------------------------------------------------------------
---------------------------------------------------------------------------------
Start Timing Optimization
---------------------------------------------------------------------------------
---------------------------------------------------------------------------------
Finished Timing Optimization : Time (s): cpu = 00:00:17 ; elapsed = 00:00:31 . Memory (MB): peak = 1624.387 ; gain = 431.727 ; free physical = 3310 ; free virtual = 13348
---------------------------------------------------------------------------------

Report RTL Partitions: 
+-+--------------+------------+----------+
| |RTL Partition |Replication |Instances |
+-+--------------+------------+----------+
+-+--------------+------------+----------+
---------------------------------------------------------------------------------
Start Technology Mapping
---------------------------------------------------------------------------------
---------------------------------------------------------------------------------
Finished Technology Mapping : Time (s): cpu = 00:00:17 ; elapsed = 00:00:31 . Memory (MB): peak = 1624.387 ; gain = 431.727 ; free physical = 3309 ; free virtual = 13347
---------------------------------------------------------------------------------

Report RTL Partitions: 
+-+--------------+------------+----------+
| |RTL Partition |Replication |Instances |
+-+--------------+------------+----------+
+-+--------------+------------+----------+
---------------------------------------------------------------------------------
Start IO Insertion
---------------------------------------------------------------------------------
---------------------------------------------------------------------------------
Start Flattening Before IO Insertion
---------------------------------------------------------------------------------
---------------------------------------------------------------------------------
Finished Flattening Before IO Insertion
---------------------------------------------------------------------------------
---------------------------------------------------------------------------------
Start Final Netlist Cleanup
---------------------------------------------------------------------------------
---------------------------------------------------------------------------------
Finished Final Netlist Cleanup
---------------------------------------------------------------------------------
---------------------------------------------------------------------------------
Finished IO Insertion : Time (s): cpu = 00:00:17 ; elapsed = 00:00:32 . Memory (MB): peak = 1624.387 ; gain = 431.727 ; free physical = 3309 ; free virtual = 13347
---------------------------------------------------------------------------------

Report Check Netlist: 
+------+------------------+-------+---------+-------+------------------+
|      |Item              |Errors |Warnings |Status |Description       |
+------+------------------+-------+---------+-------+------------------+
|1     |multi_driven_nets |      0|        0|Passed |Multi driven nets |
+------+------------------+-------+---------+-------+------------------+
---------------------------------------------------------------------------------
Start Renaming Generated Instances
---------------------------------------------------------------------------------
---------------------------------------------------------------------------------
Finished Renaming Generated Instances : Time (s): cpu = 00:00:17 ; elapsed = 00:00:32 . Memory (MB): peak = 1624.387 ; gain = 431.727 ; free physical = 3309 ; free virtual = 13347
---------------------------------------------------------------------------------

Report RTL Partitions: 
+-+--------------+------------+----------+
| |RTL Partition |Replication |Instances |
+-+--------------+------------+----------+
+-+--------------+------------+----------+
---------------------------------------------------------------------------------
Start Rebuilding User Hierarchy
---------------------------------------------------------------------------------
---------------------------------------------------------------------------------
Finished Rebuilding User Hierarchy : Time (s): cpu = 00:00:17 ; elapsed = 00:00:32 . Memory (MB): peak = 1624.387 ; gain = 431.727 ; free physical = 3309 ; free virtual = 13347
---------------------------------------------------------------------------------
---------------------------------------------------------------------------------
Start Renaming Generated Ports
---------------------------------------------------------------------------------
---------------------------------------------------------------------------------
Finished Renaming Generated Ports : Time (s): cpu = 00:00:17 ; elapsed = 00:00:32 . Memory (MB): peak = 1624.387 ; gain = 431.727 ; free physical = 3309 ; free virtual = 13347
---------------------------------------------------------------------------------
---------------------------------------------------------------------------------
Start Handling Custom Attributes
---------------------------------------------------------------------------------
---------------------------------------------------------------------------------
Finished Handling Custom Attributes : Time (s): cpu = 00:00:17 ; elapsed = 00:00:32 . Memory (MB): peak = 1624.387 ; gain = 431.727 ; free physical = 3309 ; free virtual = 13347
---------------------------------------------------------------------------------
---------------------------------------------------------------------------------
Start Renaming Generated Nets
---------------------------------------------------------------------------------
---------------------------------------------------------------------------------
Finished Renaming Generated Nets : Time (s): cpu = 00:00:17 ; elapsed = 00:00:32 . Memory (MB): peak = 1624.387 ; gain = 431.727 ; free physical = 3309 ; free virtual = 13347
---------------------------------------------------------------------------------
---------------------------------------------------------------------------------
Start Writing Synthesis Report
---------------------------------------------------------------------------------

Report BlackBoxes: 
+-+--------------+----------+
| |BlackBox name |Instances |
+-+--------------+----------+
+-+--------------+----------+

Report Cell Usage: 
+------+-----+------+
|      |Cell |Count |
+------+-----+------+
|1     |LUT2 |     2|
|2     |LUT3 |     8|
|3     |LUT4 |     5|
|4     |LUT5 |     6|
|5     |LUT6 |    32|
|6     |IBUF |    21|
|7     |OBUF |    27|
+------+-----+------+

Report Instance Areas: 
+------+---------+-------+------+
|      |Instance |Module |Cells |
+------+---------+-------+------+
|1     |top      |       |   101|
+------+---------+-------+------+
---------------------------------------------------------------------------------
Finished Writing Synthesis Report : Time (s): cpu = 00:00:17 ; elapsed = 00:00:32 . Memory (MB): peak = 1624.387 ; gain = 431.727 ; free physical = 3309 ; free virtual = 13347
---------------------------------------------------------------------------------
Synthesis finished with 0 errors, 0 critical warnings and 15 warnings.
Synthesis Optimization Runtime : Time (s): cpu = 00:00:11 ; elapsed = 00:00:15 . Memory (MB): peak = 1624.387 ; gain = 131.391 ; free physical = 3363 ; free virtual = 13401
Synthesis Optimization Complete : Time (s): cpu = 00:00:17 ; elapsed = 00:00:32 . Memory (MB): peak = 1624.387 ; gain = 431.727 ; free physical = 3363 ; free virtual = 13401
INFO: [Project 1-571] Translating synthesized netlist
INFO: [Netlist 29-17] Analyzing 21 Unisim elements for replacement
INFO: [Netlist 29-28] Unisim Transformation completed in 0 CPU seconds
INFO: [Project 1-570] Preparing netlist for logic optimization
INFO: [Opt 31-138] Pushed 0 inverter(s) to 0 load pin(s).
INFO: [Project 1-111] Unisim Transformation Summary:
No Unisim elements were transformed.

INFO: [Common 17-83] Releasing license: Synthesis
32 Infos, 30 Warnings, 0 Critical Warnings and 0 Errors encountered.
synth_design completed successfully
synth_design: Time (s): cpu = 00:00:18 ; elapsed = 00:00:33 . Memory (MB): peak = 1634.387 ; gain = 447.688 ; free physical = 3349 ; free virtual = 13388
WARNING: [Constraints 18-5210] No constraint will be written out.
INFO: [Common 17-1381] The checkpoint '/home/m1/texierl/Documents/AEO/TP3/TP3.runs/synth_1/calc.dcp' has been generated.
INFO: [runtcl-4] Executing : report_utilization -file calc_utilization_synth.rpt -pb calc_utilization_synth.pb
report_utilization: Time (s): cpu = 00:00:00.07 ; elapsed = 00:00:00.12 . Memory (MB): peak = 1658.398 ; gain = 0.000 ; free physical = 3354 ; free virtual = 13392
INFO: [Common 17-206] Exiting Vivado at Tue Oct  9 08:30:35 2018...
