INFO: [VRFC 10-163] Analyzing VHDL file "/home/m1/texierl/Documents/AEO/TP4/TP4.srcs/sources_1/new/fpd.vhd" into library xil_defaultlib
INFO: [VRFC 10-307] analyzing entity fpd
INFO: [VRFC 10-163] Analyzing VHDL file "/home/m1/texierl/Documents/AEO/TP4/TP4.srcs/sources_1/new/shift.vhd" into library xil_defaultlib
INFO: [VRFC 10-307] analyzing entity shift
INFO: [VRFC 10-163] Analyzing VHDL file "/home/m1/texierl/Documents/AEO/TP4/TP4.srcs/sources_1/new/shift_vector.vhd" into library xil_defaultlib
INFO: [VRFC 10-307] analyzing entity shift_vector
INFO: [VRFC 10-163] Analyzing VHDL file "/home/m1/texierl/Documents/AEO/TP4/TP4.srcs/sources_1/new/shift_vector.vhd" into library xil_defaultlib
INFO: [VRFC 10-307] analyzing entity shift_vector
INFO: [VRFC 10-163] Analyzing VHDL file "/home/m1/texierl/Documents/AEO/TP4/TP4.srcs/sources_1/new/clk_div.vhd" into library xil_defaultlib
INFO: [VRFC 10-307] analyzing entity clk_div
INFO: [VRFC 10-163] Analyzing VHDL file "/home/m1/texierl/Documents/AEO/TP4/TP4.srcs/sources_1/new/clk_div.vhd" into library xil_defaultlib
INFO: [VRFC 10-307] analyzing entity clk_div
INFO: [VRFC 10-163] Analyzing VHDL file "/home/m1/texierl/Documents/AEO/TP4/TP4.srcs/sources_1/new/clk_div.vhd" into library xil_defaultlib
INFO: [VRFC 10-307] analyzing entity clk_div
INFO: [VRFC 10-163] Analyzing VHDL file "/home/m1/texierl/Documents/AEO/TP4/TP4.srcs/sources_1/new/clk_div.vhd" into library xil_defaultlib
INFO: [VRFC 10-307] analyzing entity clk_div
INFO: [VRFC 10-163] Analyzing VHDL file "/home/m1/texierl/Documents/AEO/TP4/TP4.srcs/sources_1/new/shift_vector.vhd" into library xil_defaultlib
INFO: [VRFC 10-307] analyzing entity shift_vector
INFO: [VRFC 10-163] Analyzing VHDL file "/home/m1/texierl/Documents/AEO/TP4/TP4.srcs/sources_1/new/chenillard.vhd" into library xil_defaultlib
INFO: [VRFC 10-307] analyzing entity chenillard
INFO: [VRFC 10-163] Analyzing VHDL file "/home/m1/texierl/Documents/AEO/TP4/TP4.srcs/sources_1/new/shift_vector.vhd" into library xil_defaultlib
INFO: [VRFC 10-307] analyzing entity shift_vector
